<?xml version="1.0" encoding="UTF-8"?>
<!-- Generated by org.testng.reporters.JUnitXMLReporter -->
<testsuite ignored="0" hostname="Jakes-MacBook-Pro-2.local" failures="0" tests="4" name="Command line test" time="0.084" errors="0" timestamp="2022-02-16T21:28:08 GMT">
  <testcase classname="Testing" name="example" time="0.044"/>
  <testcase classname="com.bnta.MenuServiceTest" name="testGetMenuOptions" time="0.0"/>
  <testcase classname="com.bnta.MenuServiceTest" name="testMainMenu" time="0.0"/>
  <testcase classname="com.bnta.MenuServiceTest" name="testManagerLogin" time="0.0"/>
</testsuite> <!-- Command line test -->
